2024-01-15 15:56:12.775 +02:00  FTL  Application startup exceptionSystem.InvalidOperationException: Unable to resolve service for type 'Serilog.Extensions.Hosting.DiagnosticContext' while attempting to activate 'Serilog.AspNetCore.RequestLoggingMiddleware'.
   at Microsoft.Extensions.Internal.ActivatorUtilities.ConstructorMatcher.CreateInstance(IServiceProvider provider)
   at Microsoft.Extensions.Internal.ActivatorUtilities.CreateInstance(IServiceProvider provider, Type instanceType, Object[] parameters)
   at Microsoft.AspNetCore.Builder.UseMiddlewareExtensions.ReflectionMiddlewareBinder.CreateMiddleware(RequestDelegate next)
   at Microsoft.AspNetCore.Builder.ApplicationBuilder.Build()
   at Microsoft.AspNetCore.Builder.ApplicationBuilder.Build()
   at Microsoft.AspNetCore.Hosting.GenericWebHostService.StartAsync(CancellationToken cancellationToken)

2024-01-15 15:56:12.854 +02:00  ERR  Hosting failed to startSystem.InvalidOperationException: Unable to resolve service for type 'Serilog.Extensions.Hosting.DiagnosticContext' while attempting to activate 'Serilog.AspNetCore.RequestLoggingMiddleware'.
   at Microsoft.Extensions.Internal.ActivatorUtilities.ConstructorMatcher.CreateInstance(IServiceProvider provider)
   at Microsoft.Extensions.Internal.ActivatorUtilities.CreateInstance(IServiceProvider provider, Type instanceType, Object[] parameters)
   at Microsoft.AspNetCore.Builder.UseMiddlewareExtensions.ReflectionMiddlewareBinder.CreateMiddleware(RequestDelegate next)
   at Microsoft.AspNetCore.Builder.ApplicationBuilder.Build()
   at Microsoft.AspNetCore.Builder.ApplicationBuilder.Build()
   at Microsoft.AspNetCore.Hosting.GenericWebHostService.StartAsync(CancellationToken cancellationToken)
   at Microsoft.Extensions.Hosting.Internal.Host.<StartAsync>b__15_1(IHostedService service, CancellationToken token)
   at Microsoft.Extensions.Hosting.Internal.Host.ForeachService[T](IEnumerable`1 services, CancellationToken token, Boolean concurrent, Boolean abortOnFirstException, List`1 exceptions, Func`3 operation)

2024-01-15 15:56:56.672 +02:00  INF  Application started. Press Ctrl+C to shut down.
2024-01-15 15:56:56.692 +02:00  INF  Request starting HTTP/2 GET https://localhost:44326/swagger/index.html - null null
2024-01-15 15:56:56.707 +02:00  INF  Hosting environment: Development
2024-01-15 15:56:56.707 +02:00  INF  Content root path: D:\Repositories\Cloth Manager\Cloth.API
2024-01-15 15:56:56.935 +02:00  INF  Request finished HTTP/2 GET https://localhost:44326/swagger/index.html - 200 null text/html;charset=utf-8 247.1329ms
2024-01-15 15:56:56.969 +02:00  INF  Request starting HTTP/2 GET https://localhost:44326/_vs/browserLink - null null
2024-01-15 15:56:57.009 +02:00  INF  Request starting HTTP/2 GET https://localhost:44326/_framework/aspnetcore-browser-refresh.js - null null
2024-01-15 15:56:57.014 +02:00  INF  Request finished HTTP/2 GET https://localhost:44326/_framework/aspnetcore-browser-refresh.js - 200 13754 application/javascript; charset=utf-8 4.0546ms
2024-01-15 15:56:57.031 +02:00  INF  Request finished HTTP/2 GET https://localhost:44326/_vs/browserLink - 200 null text/javascript; charset=UTF-8 61.8958ms
2024-01-15 15:56:57.106 +02:00  INF  Request starting HTTP/2 GET https://localhost:44326/swagger/v1/swagger.json - null null
2024-01-15 15:56:57.212 +02:00  INF  Request finished HTTP/2 GET https://localhost:44326/swagger/v1/swagger.json - 200 null application/json;charset=utf-8 105.3495ms
2024-01-15 15:57:03.068 +02:00  INF  Request starting HTTP/2 GET https://localhost:44326/api/Cloths - null null
2024-01-15 15:57:03.079 +02:00  INF  Executing endpoint 'Cloth.API.Controllers.ClothsController.Get (Cloth.API)'
2024-01-15 15:57:03.104 +02:00  INF  Route matched with {action = "Get", controller = "Cloths"}. Executing controller action with signature Microsoft.AspNetCore.Mvc.ActionResult Get(System.Nullable`1[System.Int32], System.Nullable`1[System.Int32], System.String, System.String) on controller Cloth.API.Controllers.ClothsController (Cloth.API).
2024-01-15 15:57:03.434 +02:00  INF  allItems page visited
2024-01-15 15:57:03.456 +02:00  INF  Executing OkObjectResult, writing value of type '<>f__AnonymousType0`2[[Cloth.API.Filter, Cloth.API, Version=1.0.0.0, Culture=neutral, PublicKeyToken=null],[System.Collections.Generic.List`1[[Cloth.Domain.Cloth, Cloth.Domain, Version=1.0.0.0, Culture=neutral, PublicKeyToken=null]], System.Private.CoreLib, Version=8.0.0.0, Culture=neutral, PublicKeyToken=7cec85d7bea7798e]]'.
2024-01-15 15:57:03.467 +02:00  INF  Executed action Cloth.API.Controllers.ClothsController.Get (Cloth.API) in 358.3053ms
2024-01-15 15:57:03.468 +02:00  INF  Executed endpoint 'Cloth.API.Controllers.ClothsController.Get (Cloth.API)'
2024-01-15 15:57:03.468 +02:00  INF  Request finished HTTP/2 GET https://localhost:44326/api/Cloths - 200 null application/json; charset=utf-8 399.6369ms
